INFO:brackets:Run 1
INFO:brackets:Run 2
INFO:brackets:Run 3
INFO:brackets:Run 4
INFO:brackets:Run 5
INFO:brackets:SGD Regressor average accuracy: 0.6380139542542369
INFO:brackets:K Neighbors Regressor average accuracy: 0.6745724116723255
INFO:brackets:Decision Tree Regressor average accuracy: 0.5862742175371967
INFO:brackets:Lasso Regressor average accuracy: 0.5118705617127051
INFO:brackets:Now using k neighbors regression on the 2024 bracket!
INFO:brackets:neighbors: 6
INFO:brackets:Year                 2024
Round        Championship
Seed 1                2.0
Seed 2                2.0
Team 1            Arizona
Team 2          Tennessee
Offense 1            87.9
Offense 2            79.5
Defense 1            72.2
Defense 2            67.9
Win Pct 1            75.8
Win Pct 2            75.0
Score 1              75.0
Score 2              72.0
Winner            Arizona
Name: 66, dtype: object
INFO:brackets:Year                 2024
Round        Championship
Seed 1                2.0
Seed 2                2.0
Team 1            Arizona
Team 2          Tennessee
Offense 1            87.9
Offense 2            79.5
Defense 1            72.2
Defense 2            67.9
Win Pct 1            75.8
Win Pct 2            75.0
Score 1              75.0
Score 2              72.0
Winner            Arizona
Name: 66, dtype: object
